# JRE version: Java(TM) SE Runtime Environment (8.0_172-b11) (build 1.8.0_172-b11)
# Java VM: Java HotSpot(TM) 64-Bit Server VM (25.172-b11 mixed mode windows-amd64 compressed oops)
Heap:
 PSYoungGen      total 6656K, used 6655K [0x00000000f5580000, 0x00000000f5c80000, 0x0000000100000000)
  eden space 6144K, 100% used [0x00000000f5580000,0x00000000f5b80000,0x00000000f5b80000)
  from space 512K, 99% used [0x00000000f5c00000,0x00000000f5c7fc40,0x00000000f5c80000)
  to   space 512K, 96% used [0x00000000f5b80000,0x00000000f5bfc020,0x00000000f5c00000)
 ParOldGen       total 5632K, used 4722K [0x00000000e0000000, 0x00000000e0580000, 0x00000000f5580000)
  object space 5632K, 83% used [0x00000000e0000000,0x00000000e049caf8,0x00000000e0580000)
 Metaspace       used 7229K, capacity 8084K, committed 8448K, reserved 1056768K
  class space    used 886K, capacity 912K, committed 1024K, reserved 1048576K
GC Heap History (9 events):
Event: 0.696 GC heap before
{Heap before GC invocations=1 (full 0):
 PSYoungGen      total 2048K, used 1536K [0x00000000f5580000, 0x00000000f5800000, 0x0000000100000000)
  eden space 1536K, 100% used [0x00000000f5580000,0x00000000f5700000,0x00000000f5700000)
  from space 512K, 0% used [0x00000000f5780000,0x00000000f5780000,0x00000000f5800000)
  to   space 512K, 0% used [0x00000000f5700000,0x00000000f5700000,0x00000000f5780000)
 ParOldGen       total 5632K, used 0K [0x00000000e0000000, 0x00000000e0580000, 0x00000000f5580000)
  object space 5632K, 0% used [0x00000000e0000000,0x00000000e0000000,0x00000000e0580000)
 Metaspace       used 3456K, capacity 4812K, committed 5120K, reserved 1056768K
  class space    used 401K, capacity 456K, committed 512K, reserved 1048576K
Event: 0.703 GC heap after
Heap after GC invocations=1 (full 0):
 PSYoungGen      total 2048K, used 496K [0x00000000f5580000, 0x00000000f5980000, 0x0000000100000000)
  eden space 1536K, 0% used [0x00000000f5580000,0x00000000f5580000,0x00000000f5700000)
  from space 512K, 96% used [0x00000000f5700000,0x00000000f577c010,0x00000000f5780000)
  to   space 512K, 0% used [0x00000000f5900000,0x00000000f5900000,0x00000000f5980000)
 ParOldGen       total 5632K, used 32K [0x00000000e0000000, 0x00000000e0580000, 0x00000000f5580000)
  object space 5632K, 0% used [0x00000000e0000000,0x00000000e0008000,0x00000000e0580000)
 Metaspace       used 3456K, capacity 4812K, committed 5120K, reserved 1056768K
  class space    used 401K, capacity 456K, committed 512K, reserved 1048576K
}
Event: 0.862 GC heap before
{Heap before GC invocations=2 (full 0):
 PSYoungGen      total 2048K, used 2001K [0x00000000f5580000, 0x00000000f5980000, 0x0000000100000000)
  eden space 1536K, 98% used [0x00000000f5580000,0x00000000f56f8570,0x00000000f5700000)
  from space 512K, 96% used [0x00000000f5700000,0x00000000f577c010,0x00000000f5780000)
  to   space 512K, 0% used [0x00000000f5900000,0x00000000f5900000,0x00000000f5980000)
 ParOldGen       total 5632K, used 32K [0x00000000e0000000, 0x00000000e0580000, 0x00000000f5580000)
  object space 5632K, 0% used [0x00000000e0000000,0x00000000e0008000,0x00000000e0580000)
 Metaspace       used 4067K, capacity 5324K, committed 5504K, reserved 1056768K
  class space    used 484K, capacity 520K, committed 640K, reserved 1048576K
Event: 0.868 GC heap after
Heap after GC invocations=2 (full 0):
 PSYoungGen      total 3584K, used 480K [0x00000000f5580000, 0x00000000f5980000, 0x0000000100000000)
  eden space 3072K, 0% used [0x00000000f5580000,0x00000000f5580000,0x00000000f5880000)
  from space 512K, 93% used [0x00000000f5900000,0x00000000f5978020,0x00000000f5980000)
  to   space 512K, 0% used [0x00000000f5880000,0x00000000f5880000,0x00000000f5900000)
 ParOldGen       total 5632K, used 224K [0x00000000e0000000, 0x00000000e0580000, 0x00000000f5580000)
  object space 5632K, 3% used [0x00000000e0000000,0x00000000e0038010,0x00000000e0580000)
 Metaspace       used 4067K, capacity 5324K, committed 5504K, reserved 1056768K
  class space    used 484K, capacity 520K, committed 640K, reserved 1048576K
}
Event: 1.170 GC heap before
{Heap before GC invocations=3 (full 0):
 PSYoungGen      total 3584K, used 3552K [0x00000000f5580000, 0x00000000f5980000, 0x0000000100000000)
  eden space 3072K, 100% used [0x00000000f5580000,0x00000000f5880000,0x00000000f5880000)
  from space 512K, 93% used [0x00000000f5900000,0x00000000f5978020,0x00000000f5980000)
  to   space 512K, 0% used [0x00000000f5880000,0x00000000f5880000,0x00000000f5900000)
 ParOldGen       total 5632K, used 224K [0x00000000e0000000, 0x00000000e0580000, 0x00000000f5580000)
  object space 5632K, 3% used [0x00000000e0000000,0x00000000e0038010,0x00000000e0580000)
 Metaspace       used 5117K, capacity 6284K, committed 6656K, reserved 1056768K
  class space    used 621K, capacity 648K, committed 768K, reserved 1048576K
Event: 1.174 GC heap after
Heap after GC invocations=3 (full 0):
 PSYoungGen      total 3584K, used 480K [0x00000000f5580000, 0x00000000f5c80000, 0x0000000100000000)
  eden space 3072K, 0% used [0x00000000f5580000,0x00000000f5580000,0x00000000f5880000)
  from space 512K, 93% used [0x00000000f5880000,0x00000000f58f8010,0x00000000f5900000)
  to   space 512K, 0% used [0x00000000f5c00000,0x00000000f5c00000,0x00000000f5c80000)
 ParOldGen       total 5632K, used 564K [0x00000000e0000000, 0x00000000e0580000, 0x00000000f5580000)
  object space 5632K, 10% used [0x00000000e0000000,0x00000000e008d050,0x00000000e0580000)
 Metaspace       used 5117K, capacity 6284K, committed 6656K, reserved 1056768K
  class space    used 621K, capacity 648K, committed 768K, reserved 1048576K
}
Event: 1.582 GC heap before
{Heap before GC invocations=4 (full 0):
 PSYoungGen      total 3584K, used 3503K [0x00000000f5580000, 0x00000000f5c80000, 0x0000000100000000)
  eden space 3072K, 98% used [0x00000000f5580000,0x00000000f5873c48,0x00000000f5880000)
  from space 512K, 93% used [0x00000000f5880000,0x00000000f58f8010,0x00000000f5900000)
  to   space 512K, 0% used [0x00000000f5c00000,0x00000000f5c00000,0x00000000f5c80000)
 ParOldGen       total 5632K, used 564K [0x00000000e0000000, 0x00000000e0580000, 0x00000000f5580000)
  object space 5632K, 10% used [0x00000000e0000000,0x00000000e008d050,0x00000000e0580000)
 Metaspace       used 6156K, capacity 7248K, committed 7552K, reserved 1056768K
  class space    used 770K, capacity 780K, committed 896K, reserved 1048576K
Event: 1.585 GC heap after
Heap after GC invocations=4 (full 0):
 PSYoungGen      total 6656K, used 511K [0x00000000f5580000, 0x00000000f5c80000, 0x0000000100000000)
  eden space 6144K, 0% used [0x00000000f5580000,0x00000000f5580000,0x00000000f5b80000)
  from space 512K, 99% used [0x00000000f5c00000,0x00000000f5c7fc40,0x00000000f5c80000)
  to   space 512K, 0% used [0x00000000f5b80000,0x00000000f5b80000,0x00000000f5c00000)
 ParOldGen       total 5632K, used 926K [0x00000000e0000000, 0x00000000e0580000, 0x00000000f5580000)
  object space 5632K, 16% used [0x00000000e0000000,0x00000000e00e7838,0x00000000e0580000)
 Metaspace       used 6156K, capacity 7248K, committed 7552K, reserved 1056768K
  class space    used 770K, capacity 780K, committed 896K, reserved 1048576K
}
Event: 1.969 GC heap before
{Heap before GC invocations=5 (full 0):
 PSYoungGen      total 6656K, used 6655K [0x00000000f5580000, 0x00000000f5c80000, 0x0000000100000000)
  eden space 6144K, 100% used [0x00000000f5580000,0x00000000f5b80000,0x00000000f5b80000)
  from space 512K, 99% used [0x00000000f5c00000,0x00000000f5c7fc40,0x00000000f5c80000)
  to   space 512K, 0% used [0x00000000f5b80000,0x00000000f5b80000,0x00000000f5c00000)
 ParOldGen       total 5632K, used 926K [0x00000000e0000000, 0x00000000e0580000, 0x00000000f5580000)
  object space 5632K, 16% used [0x00000000e0000000,0x00000000e00e7838,0x00000000e0580000)
 Metaspace       used 7229K, capacity 8084K, committed 8448K, reserved 1056768K
  class space    used 886K, capacity 912K, committed 1024K, reserved 1048576K

